Using pre-set license
Built from '2020.3/staging' branch; Version is '2020.3.23f1 (c5d91304a876) revision 12966163'; Using compiler version '192528614'; Build Type 'Release'
OS: 'Windows 10 Pro; OS build 19044.1348; Version 2009; 64bit' Language: 'ru' Physical Memory: 32609 MB
BatchMode: 1, IsHumanControllingUs: 0, StartBugReporterOnCrash: 0, Is64bit: 1, IsPro: 0

COMMAND LINE ARGUMENTS:
C:\Program Files\Unity\Hub\Editor\2020.3.23f1\Editor\Unity.exe
-adb2
-batchMode
-noUpm
-name
AssetImportWorker0
-projectPath
D:/GitHub/Unity/KnightOfUpAndDown3D/Knight of Up and Down 3D
-logFile
Logs/AssetImportWorker0.log
-srvPort
50428
Successfully changed project path to: D:/GitHub/Unity/KnightOfUpAndDown3D/Knight of Up and Down 3D
D:/GitHub/Unity/KnightOfUpAndDown3D/Knight of Up and Down 3D
Using Asset Import Pipeline V2.
Refreshing native plugins compatible for Editor in 44.03 ms, found 2 plugins.
Preloading 0 native plugins for Editor in 0.00 ms.
Initialize engine version: 2020.3.23f1 (c5d91304a876)
[Subsystems] Discovering subsystems at path C:/Program Files/Unity/Hub/Editor/2020.3.23f1/Editor/Data/Resources/UnitySubsystems
[Subsystems] Discovering subsystems at path D:/GitHub/Unity/KnightOfUpAndDown3D/Knight of Up and Down 3D/Assets
GfxDevice: creating device client; threaded=0
Direct3D:
    Version:  Direct3D 11.0 [level 11.1]
    Renderer: NVIDIA GeForce GTX 1050 Ti (ID=0x1c82)
    Vendor:   
    VRAM:     4018 MB
    Driver:   27.21.14.6627
Initialize mono
Mono path[0] = 'C:/Program Files/Unity/Hub/Editor/2020.3.23f1/Editor/Data/Managed'
Mono path[1] = 'C:/Program Files/Unity/Hub/Editor/2020.3.23f1/Editor/Data/MonoBleedingEdge/lib/mono/unityjit'
Mono config path = 'C:/Program Files/Unity/Hub/Editor/2020.3.23f1/Editor/Data/MonoBleedingEdge/etc'
Using monoOptions --debugger-agent=transport=dt_socket,embedding=1,server=y,suspend=n,address=127.0.0.1:56684
Begin MonoManager ReloadAssembly
Registering precompiled unity dll's ...
Register platform support module: C:/Program Files/Unity/Hub/Editor/2020.3.23f1/Editor/Data/PlaybackEngines/WebGLSupport/UnityEditor.WebGL.Extensions.dll
Register platform support module: C:/Program Files/Unity/Hub/Editor/2020.3.23f1/Editor/Data/PlaybackEngines/WindowsStandaloneSupport/UnityEditor.WindowsStandalone.Extensions.dll
Registered in 0.002822 seconds.
Native extension for WindowsStandalone target not found
Native extension for WebGL target not found
Refreshing native plugins compatible for Editor in 37.33 ms, found 2 plugins.
Preloading 0 native plugins for Editor in 0.00 ms.
Mono: successfully reloaded assembly
- Completed reload, in  0.759 seconds
Domain Reload Profiling:
	ReloadAssembly (759ms)
		BeginReloadAssembly (74ms)
			ExecutionOrderSort (0ms)
			DisableScriptedObjects (0ms)
			BackupInstance (0ms)
			ReleaseScriptingObjects (0ms)
			CreateAndSetChildDomain (1ms)
		EndReloadAssembly (586ms)
			LoadAssemblies (72ms)
			RebuildTransferFunctionScriptingTraits (0ms)
			SetupTypeCache (198ms)
			ReleaseScriptCaches (0ms)
			RebuildScriptCaches (40ms)
			SetupLoadedEditorAssemblies (206ms)
				LogAssemblyErrors (0ms)
				InitializePlatformSupportModulesInManaged (7ms)
				SetLoadedEditorAssemblies (0ms)
				RefreshPlugins (37ms)
				BeforeProcessingInitializeOnLoad (16ms)
				ProcessInitializeOnLoadAttributes (109ms)
				ProcessInitializeOnLoadMethodAttributes (36ms)
				AfterProcessingInitializeOnLoad (0ms)
				EditorAssembliesLoaded (0ms)
			ExecutionOrderSort2 (0ms)
			AwakeInstancesAfterBackupRestoration (0ms)
Platform modules already initialized, skipping
Registering precompiled user dll's ...
Registered in 0.003576 seconds.
Begin MonoManager ReloadAssembly
Native extension for WindowsStandalone target not found
Native extension for WebGL target not found
Refreshing native plugins compatible for Editor in 0.50 ms, found 2 plugins.
Preloading 0 native plugins for Editor in 0.00 ms.
Mono: successfully reloaded assembly
- Completed reload, in  1.292 seconds
Domain Reload Profiling:
	ReloadAssembly (1293ms)
		BeginReloadAssembly (197ms)
			ExecutionOrderSort (0ms)
			DisableScriptedObjects (6ms)
			BackupInstance (0ms)
			ReleaseScriptingObjects (0ms)
			CreateAndSetChildDomain (27ms)
		EndReloadAssembly (1006ms)
			LoadAssemblies (118ms)
			RebuildTransferFunctionScriptingTraits (0ms)
			SetupTypeCache (352ms)
			ReleaseScriptCaches (0ms)
			RebuildScriptCaches (52ms)
			SetupLoadedEditorAssemblies (375ms)
				LogAssemblyErrors (0ms)
				InitializePlatformSupportModulesInManaged (7ms)
				SetLoadedEditorAssemblies (1ms)
				RefreshPlugins (1ms)
				BeforeProcessingInitializeOnLoad (105ms)
				ProcessInitializeOnLoadAttributes (243ms)
				ProcessInitializeOnLoadMethodAttributes (11ms)
				AfterProcessingInitializeOnLoad (7ms)
				EditorAssembliesLoaded (0ms)
			ExecutionOrderSort2 (0ms)
			AwakeInstancesAfterBackupRestoration (8ms)
Platform modules already initialized, skipping
========================================================================
Worker process is ready to serve import requests
Launched and connected shader compiler UnityShaderCompiler.exe after 0.12 seconds
Refreshing native plugins compatible for Editor in 0.45 ms, found 2 plugins.
Preloading 0 native plugins for Editor in 0.00 ms.
Unloading 1498 Unused Serialized files (Serialized files now loaded: 0)
System memory in use before: 67.3 MB.
System memory in use after: 67.4 MB.

Unloading 19 unused Assets to reduce memory usage. Loaded Objects now: 1930.
Total: 3.220100 ms (FindLiveObjects: 0.154400 ms CreateObjectMapping: 0.074000 ms MarkObjects: 2.927500 ms  DeleteObjects: 0.063000 ms)

AssetImportParameters requested are different than current active one (requested -> active):
  custom:framework-win-MediaFoundation: 216162199b28c13a410421893ffa2e32 -> 
  custom:video-decoder-ogg-theora: a1e56fd34408186e4bbccfd4996cb3dc -> 
  custom:container-muxer-webm: aa71ff27fc2769a1b78a27578f13a17b -> 
  custom:container-demuxer-webm: 4f35f7cbe854078d1ac9338744f61a02 -> 
  custom:container-demuxer-ogg: 62fdf1f143b41e24485cea50d1cbac27 -> 
  custom:video-encoder-webm-vp8: eb34c28f22e8b96e1ab97ce403110664 -> 
  custom:video-decoder-webm-vp8: 9c59270c3fd7afecdb556c50c9e8de78 -> 
  custom:audio-decoder-ogg-vorbis: bf7c407c2cedff20999df2af8eb42d56 -> 
  custom:audio-encoder-webm-vorbis: bf7c407c2cedff20999df2af8eb42d56 -> 
========================================================================
Received Import Request.
  path: Assets/Objects
  artifactKey: Guid(912e19408cda33a4184d3b26c6708d7e) Importer(815301076,1909f56bfc062723c751e8b465ee728b)
Start importing Assets/Objects using Guid(912e19408cda33a4184d3b26c6708d7e) Importer(815301076,1909f56bfc062723c751e8b465ee728b)  -> (artifact id: 'be24659085c0fab28d9e3f8206bdf331') in 0.014580 seconds 
  Import took 0.017034 seconds .

========================================================================
Received Import Request.
  Time since last request: 49.935013 seconds.
  path: Assets/Objects/road.png
  artifactKey: Guid(37666783007d4ca47a26833eb1561181) Importer(815301076,1909f56bfc062723c751e8b465ee728b)
Start importing Assets/Objects/road.png using Guid(37666783007d4ca47a26833eb1561181) Importer(815301076,1909f56bfc062723c751e8b465ee728b)  -> (artifact id: 'a6d5e1922533820a6f287487b311ca8b') in 0.144978 seconds 
  Import took 0.148914 seconds .

========================================================================
Received Import Request.
  Time since last request: 519.561427 seconds.
  path: Assets/Objects/Materials
  artifactKey: Guid(9a2061e6f652bab47a3216aba491abdb) Importer(815301076,1909f56bfc062723c751e8b465ee728b)
Start importing Assets/Objects/Materials using Guid(9a2061e6f652bab47a3216aba491abdb) Importer(815301076,1909f56bfc062723c751e8b465ee728b)  -> (artifact id: '75f3275791312e6833b0f50d3e6c1537') in 0.010500 seconds 
  Import took 0.014666 seconds .

========================================================================
Received Prepare
Registering precompiled user dll's ...
Registered in 0.006080 seconds.
Begin MonoManager ReloadAssembly
Native extension for WindowsStandalone target not found
Native extension for WebGL target not found
Refreshing native plugins compatible for Editor in 0.47 ms, found 2 plugins.
Preloading 0 native plugins for Editor in 0.00 ms.
[ScriptCompilation] NOT recompiling all scripts because this is an import worker process. Reason to compile was: Define symbols changed
Mono: successfully reloaded assembly
- Completed reload, in  1.249 seconds
Domain Reload Profiling:
	ReloadAssembly (1249ms)
		BeginReloadAssembly (152ms)
			ExecutionOrderSort (0ms)
			DisableScriptedObjects (6ms)
			BackupInstance (0ms)
			ReleaseScriptingObjects (0ms)
			CreateAndSetChildDomain (49ms)
		EndReloadAssembly (1019ms)
			LoadAssemblies (106ms)
			RebuildTransferFunctionScriptingTraits (0ms)
			SetupTypeCache (351ms)
			ReleaseScriptCaches (1ms)
			RebuildScriptCaches (66ms)
			SetupLoadedEditorAssemblies (377ms)
				LogAssemblyErrors (0ms)
				InitializePlatformSupportModulesInManaged (7ms)
				SetLoadedEditorAssemblies (1ms)
				RefreshPlugins (1ms)
				BeforeProcessingInitializeOnLoad (97ms)
				ProcessInitializeOnLoadAttributes (254ms)
				ProcessInitializeOnLoadMethodAttributes (9ms)
				AfterProcessingInitializeOnLoad (7ms)
				EditorAssembliesLoaded (0ms)
			ExecutionOrderSort2 (0ms)
			AwakeInstancesAfterBackupRestoration (9ms)
Platform modules already initialized, skipping
Refreshing native plugins compatible for Editor in 0.34 ms, found 2 plugins.
Preloading 0 native plugins for Editor in 0.00 ms.
Unloading 1612 Unused Serialized files (Serialized files now loaded: 0)
System memory in use before: 76.0 MB.
System memory in use after: 74.0 MB.

Unloading 41 unused Assets to reduce memory usage. Loaded Objects now: 2027.
Total: 3.882300 ms (FindLiveObjects: 0.173200 ms CreateObjectMapping: 0.079500 ms MarkObjects: 2.928000 ms  DeleteObjects: 0.700600 ms)

AssetImportParameters requested are different than current active one (requested -> active):
  custom:framework-win-MediaFoundation: 216162199b28c13a410421893ffa2e32 -> 
  custom:video-decoder-ogg-theora: a1e56fd34408186e4bbccfd4996cb3dc -> 
  custom:container-muxer-webm: aa71ff27fc2769a1b78a27578f13a17b -> 
  custom:container-demuxer-webm: 4f35f7cbe854078d1ac9338744f61a02 -> 
  custom:container-demuxer-ogg: 62fdf1f143b41e24485cea50d1cbac27 -> 
  custom:video-encoder-webm-vp8: eb34c28f22e8b96e1ab97ce403110664 -> 
  custom:video-decoder-webm-vp8: 9c59270c3fd7afecdb556c50c9e8de78 -> 
  custom:audio-decoder-ogg-vorbis: bf7c407c2cedff20999df2af8eb42d56 -> 
  custom:audio-encoder-webm-vorbis: bf7c407c2cedff20999df2af8eb42d56 -> 
========================================================================
Received Import Request.
  Time since last request: 331.980244 seconds.
  path: Assets
  artifactKey: Guid(00000000000000001000000000000000) Importer(815301076,1909f56bfc062723c751e8b465ee728b)
Start importing Assets using Guid(00000000000000001000000000000000) Importer(815301076,1909f56bfc062723c751e8b465ee728b)  -> (artifact id: '42d402b061de3733987d63b9cc3b64de') in 0.032654 seconds 
  Import took 0.038097 seconds .

========================================================================
Received Import Request.
  Time since last request: 2.128111 seconds.
  path: Assets/Post Processing
  artifactKey: Guid(3430a16f0fd20ec4c957ee81b8596261) Importer(815301076,1909f56bfc062723c751e8b465ee728b)
Start importing Assets/Post Processing using Guid(3430a16f0fd20ec4c957ee81b8596261) Importer(815301076,1909f56bfc062723c751e8b465ee728b)  -> (artifact id: 'd677e1540712c0a7017139d90377afaa') in 0.010271 seconds 
  Import took 0.013950 seconds .

========================================================================
Received Import Request.
  Time since last request: 6.042106 seconds.
  path: ProjectSettings/TagManager.asset
  artifactKey: Guid(00000000000000003000000000000000) Importer(815301076,1909f56bfc062723c751e8b465ee728b)
Start importing ProjectSettings/TagManager.asset using Guid(00000000000000003000000000000000) Importer(815301076,1909f56bfc062723c751e8b465ee728b)  -> (artifact id: 'ce6a35c3cddc746e7501c0bd0ed6d4ce') in 0.027005 seconds 
  Import took 0.030982 seconds .

========================================================================
Received Import Request.
  Time since last request: 28.246838 seconds.
  path: Assets/Post Processing/Post Processing.asset
  artifactKey: Guid(4f85be86b6ed0ab44ba8c5ef66998658) Importer(815301076,1909f56bfc062723c751e8b465ee728b)
Start importing Assets/Post Processing/Post Processing.asset using Guid(4f85be86b6ed0ab44ba8c5ef66998658) Importer(815301076,1909f56bfc062723c751e8b465ee728b)  -> (artifact id: '7b674401050b2f194df98585e118bf24') in 0.010230 seconds 
  Import took 0.015763 seconds .

========================================================================
Received Import Request.
  Time since last request: 18.415298 seconds.
  path: Assets/Post Processing/Post Processing.asset
  artifactKey: Guid(4f85be86b6ed0ab44ba8c5ef66998658) Importer(815301076,1909f56bfc062723c751e8b465ee728b)
Start importing Assets/Post Processing/Post Processing.asset using Guid(4f85be86b6ed0ab44ba8c5ef66998658) Importer(815301076,1909f56bfc062723c751e8b465ee728b)  -> (artifact id: 'f1ea6d648dd56739772bb406a7a69fd9') in 0.023366 seconds 
  Import took 0.028508 seconds .

========================================================================
Received Import Request.
  Time since last request: 26.753261 seconds.
  path: Assets/Post Processing/Post Processing.asset
  artifactKey: Guid(4f85be86b6ed0ab44ba8c5ef66998658) Importer(815301076,1909f56bfc062723c751e8b465ee728b)
Start importing Assets/Post Processing/Post Processing.asset using Guid(4f85be86b6ed0ab44ba8c5ef66998658) Importer(815301076,1909f56bfc062723c751e8b465ee728b)  -> (artifact id: '5280a7b5a617c9649482695a635ddbba') in 0.009916 seconds 
  Import took 0.013499 seconds .

========================================================================
Received Import Request.
  Time since last request: 14.091020 seconds.
  path: Assets/Post Processing/Post Processing.asset
  artifactKey: Guid(4f85be86b6ed0ab44ba8c5ef66998658) Importer(815301076,1909f56bfc062723c751e8b465ee728b)
Start importing Assets/Post Processing/Post Processing.asset using Guid(4f85be86b6ed0ab44ba8c5ef66998658) Importer(815301076,1909f56bfc062723c751e8b465ee728b)  -> (artifact id: '7aae9216a08b061ec00ddec090e9c62c') in 0.005002 seconds 
  Import took 0.008534 seconds .

========================================================================
Received Import Request.
  Time since last request: 25.214185 seconds.
  path: Assets/Post Processing/Post Processing.asset
  artifactKey: Guid(4f85be86b6ed0ab44ba8c5ef66998658) Importer(815301076,1909f56bfc062723c751e8b465ee728b)
Start importing Assets/Post Processing/Post Processing.asset using Guid(4f85be86b6ed0ab44ba8c5ef66998658) Importer(815301076,1909f56bfc062723c751e8b465ee728b)  -> (artifact id: 'bfe35b25b3a382aa780d003f219963a4') in 0.011315 seconds 
  Import took 0.017994 seconds .

========================================================================
Received Import Request.
  Time since last request: 14.883221 seconds.
  path: Assets/Post Processing/Post Processing.asset
  artifactKey: Guid(4f85be86b6ed0ab44ba8c5ef66998658) Importer(815301076,1909f56bfc062723c751e8b465ee728b)
Start importing Assets/Post Processing/Post Processing.asset using Guid(4f85be86b6ed0ab44ba8c5ef66998658) Importer(815301076,1909f56bfc062723c751e8b465ee728b)  -> (artifact id: 'c0c4c12a2e8cba206f4ab9d02bd96107') in 0.009769 seconds 
  Import took 0.014843 seconds .

========================================================================
Received Import Request.
  Time since last request: 13.628128 seconds.
  path: Assets/Post Processing/Post Processing.asset
  artifactKey: Guid(4f85be86b6ed0ab44ba8c5ef66998658) Importer(815301076,1909f56bfc062723c751e8b465ee728b)
Start importing Assets/Post Processing/Post Processing.asset using Guid(4f85be86b6ed0ab44ba8c5ef66998658) Importer(815301076,1909f56bfc062723c751e8b465ee728b)  -> (artifact id: 'a06cfaa3afa8025ca5dae23e7a38023b') in 0.004849 seconds 
  Import took 0.008915 seconds .

========================================================================
Received Prepare
Registering precompiled user dll's ...
Registered in 0.004059 seconds.
Begin MonoManager ReloadAssembly
Native extension for WindowsStandalone target not found
Native extension for WebGL target not found
Refreshing native plugins compatible for Editor in 0.46 ms, found 2 plugins.
Preloading 0 native plugins for Editor in 0.00 ms.
Mono: successfully reloaded assembly
- Completed reload, in  1.243 seconds
Domain Reload Profiling:
	ReloadAssembly (1244ms)
		BeginReloadAssembly (168ms)
			ExecutionOrderSort (0ms)
			DisableScriptedObjects (8ms)
			BackupInstance (0ms)
			ReleaseScriptingObjects (0ms)
			CreateAndSetChildDomain (53ms)
		EndReloadAssembly (985ms)
			LoadAssemblies (124ms)
			RebuildTransferFunctionScriptingTraits (0ms)
			SetupTypeCache (350ms)
			ReleaseScriptCaches (1ms)
			RebuildScriptCaches (47ms)
			SetupLoadedEditorAssemblies (354ms)
				LogAssemblyErrors (0ms)
				InitializePlatformSupportModulesInManaged (7ms)
				SetLoadedEditorAssemblies (1ms)
				RefreshPlugins (1ms)
				BeforeProcessingInitializeOnLoad (98ms)
				ProcessInitializeOnLoadAttributes (231ms)
				ProcessInitializeOnLoadMethodAttributes (10ms)
				AfterProcessingInitializeOnLoad (7ms)
				EditorAssembliesLoaded (0ms)
			ExecutionOrderSort2 (0ms)
			AwakeInstancesAfterBackupRestoration (9ms)
Platform modules already initialized, skipping
Refreshing native plugins compatible for Editor in 0.37 ms, found 2 plugins.
Preloading 0 native plugins for Editor in 0.00 ms.
Unloading 1612 Unused Serialized files (Serialized files now loaded: 0)
System memory in use before: 76.0 MB.
System memory in use after: 74.1 MB.

Unloading 42 unused Assets to reduce memory usage. Loaded Objects now: 2029.
Total: 3.910400 ms (FindLiveObjects: 0.169100 ms CreateObjectMapping: 0.084100 ms MarkObjects: 2.947700 ms  DeleteObjects: 0.708500 ms)

AssetImportParameters requested are different than current active one (requested -> active):
  custom:framework-win-MediaFoundation: 216162199b28c13a410421893ffa2e32 -> 
  custom:video-decoder-ogg-theora: a1e56fd34408186e4bbccfd4996cb3dc -> 
  custom:container-muxer-webm: aa71ff27fc2769a1b78a27578f13a17b -> 
  custom:container-demuxer-webm: 4f35f7cbe854078d1ac9338744f61a02 -> 
  custom:container-demuxer-ogg: 62fdf1f143b41e24485cea50d1cbac27 -> 
  custom:video-encoder-webm-vp8: eb34c28f22e8b96e1ab97ce403110664 -> 
  custom:video-decoder-webm-vp8: 9c59270c3fd7afecdb556c50c9e8de78 -> 
  custom:audio-decoder-ogg-vorbis: bf7c407c2cedff20999df2af8eb42d56 -> 
  custom:audio-encoder-webm-vorbis: bf7c407c2cedff20999df2af8eb42d56 -> 
========================================================================
Received Import Request.
  Time since last request: 355.876862 seconds.
  path: Assets/Objects/Voxel Character texture.png
  artifactKey: Guid(7b4283af8315a5244bb624352ab0244e) Importer(815301076,1909f56bfc062723c751e8b465ee728b)
Start importing Assets/Objects/Voxel Character texture.png using Guid(7b4283af8315a5244bb624352ab0244e) Importer(815301076,1909f56bfc062723c751e8b465ee728b)  -> (artifact id: 'daffa7be540cf60464be64cc11e5a55b') in 0.065238 seconds 
  Import took 0.071785 seconds .

========================================================================
Received Import Request.
  Time since last request: 0.843706 seconds.
  path: Assets/Objects/wall.obj
  artifactKey: Guid(21d655d7e019e394facfc11208a357a8) Importer(815301076,1909f56bfc062723c751e8b465ee728b)
Start importing Assets/Objects/wall.obj using Guid(21d655d7e019e394facfc11208a357a8) Importer(815301076,1909f56bfc062723c751e8b465ee728b)  -> (artifact id: 'c03d63c419ccb06bc22ff481e298dbc2') in 0.183687 seconds 
  Import took 0.187693 seconds .

========================================================================
Received Import Request.
  Time since last request: 2.495631 seconds.
  path: Assets/Objects/Voxel character.fbx
  artifactKey: Guid(84f08e12d7acd174e8b13e734e7610e8) Importer(815301076,1909f56bfc062723c751e8b465ee728b)
Start importing Assets/Objects/Voxel character.fbx using Guid(84f08e12d7acd174e8b13e734e7610e8) Importer(815301076,1909f56bfc062723c751e8b465ee728b)  -> (artifact id: '3a4e4d13adc3076f3884056441efe76c') in 0.083694 seconds 
  Import took 0.089062 seconds .

========================================================================
Received Prepare
Registering precompiled user dll's ...
Registered in 0.003643 seconds.
Begin MonoManager ReloadAssembly
Native extension for WindowsStandalone target not found
Native extension for WebGL target not found
Refreshing native plugins compatible for Editor in 0.53 ms, found 2 plugins.
Preloading 0 native plugins for Editor in 0.00 ms.
Mono: successfully reloaded assembly
- Completed reload, in  1.328 seconds
Domain Reload Profiling:
	ReloadAssembly (1329ms)
		BeginReloadAssembly (169ms)
			ExecutionOrderSort (0ms)
			DisableScriptedObjects (5ms)
			BackupInstance (0ms)
			ReleaseScriptingObjects (0ms)
			CreateAndSetChildDomain (59ms)
		EndReloadAssembly (1071ms)
			LoadAssemblies (128ms)
			RebuildTransferFunctionScriptingTraits (0ms)
			SetupTypeCache (376ms)
			ReleaseScriptCaches (1ms)
			RebuildScriptCaches (50ms)
			SetupLoadedEditorAssemblies (374ms)
				LogAssemblyErrors (0ms)
				InitializePlatformSupportModulesInManaged (8ms)
				SetLoadedEditorAssemblies (1ms)
				RefreshPlugins (1ms)
				BeforeProcessingInitializeOnLoad (113ms)
				ProcessInitializeOnLoadAttributes (234ms)
				ProcessInitializeOnLoadMethodAttributes (10ms)
				AfterProcessingInitializeOnLoad (8ms)
				EditorAssembliesLoaded (0ms)
			ExecutionOrderSort2 (0ms)
			AwakeInstancesAfterBackupRestoration (9ms)
Platform modules already initialized, skipping
Refreshing native plugins compatible for Editor in 0.46 ms, found 2 plugins.
Preloading 0 native plugins for Editor in 0.00 ms.
Unloading 1612 Unused Serialized files (Serialized files now loaded: 0)
System memory in use before: 93.0 MB.
System memory in use after: 91.1 MB.

Unloading 41 unused Assets to reduce memory usage. Loaded Objects now: 2075.
Total: 4.067100 ms (FindLiveObjects: 0.184500 ms CreateObjectMapping: 0.077700 ms MarkObjects: 2.982900 ms  DeleteObjects: 0.821000 ms)

AssetImportParameters requested are different than current active one (requested -> active):
  custom:framework-win-MediaFoundation: 216162199b28c13a410421893ffa2e32 -> 
  custom:video-decoder-ogg-theora: a1e56fd34408186e4bbccfd4996cb3dc -> 
  custom:container-muxer-webm: aa71ff27fc2769a1b78a27578f13a17b -> 
  custom:container-demuxer-webm: 4f35f7cbe854078d1ac9338744f61a02 -> 
  custom:container-demuxer-ogg: 62fdf1f143b41e24485cea50d1cbac27 -> 
  custom:video-encoder-webm-vp8: eb34c28f22e8b96e1ab97ce403110664 -> 
  custom:video-decoder-webm-vp8: 9c59270c3fd7afecdb556c50c9e8de78 -> 
  custom:audio-decoder-ogg-vorbis: bf7c407c2cedff20999df2af8eb42d56 -> 
  custom:audio-encoder-webm-vorbis: bf7c407c2cedff20999df2af8eb42d56 -> 
AssetImportWorkerClient::OnTransportError - code=2 error=End of file
